h:\suvam\codes\five_point_solver_ceres\five_point_solver_ceres\x64\release\vc120.pdb
h:\suvam\codes\five_point_solver_ceres\five_point_solver_ceres\x64\release\triangulation.obj
h:\suvam\codes\five_point_solver_ceres\five_point_solver_ceres\x64\release\sequential_probability_ratio.obj
h:\suvam\codes\five_point_solver_ceres\five_point_solver_ceres\x64\release\random.obj
h:\suvam\codes\five_point_solver_ceres\five_point_solver_ceres\x64\release\pose_util.obj
h:\suvam\codes\five_point_solver_ceres\five_point_solver_ceres\x64\release\main.obj
h:\suvam\codes\five_point_solver_ceres\five_point_solver_ceres\x64\release\fundamental_matrix_util.obj
h:\suvam\codes\five_point_solver_ceres\five_point_solver_ceres\x64\release\five_point.obj
h:\suvam\codes\five_point_solver_ceres\five_point_solver_ceres\x64\release\estimate_uncalibrated_relative_pose.obj
h:\suvam\codes\five_point_solver_ceres\five_point_solver_ceres\x64\release\estimate_twoview_info.obj
h:\suvam\codes\five_point_solver_ceres\five_point_solver_ceres\x64\release\estimate_relative_pose.obj
h:\suvam\codes\five_point_solver_ceres\five_point_solver_ceres\x64\release\essential_matrix_utils.obj
h:\suvam\codes\five_point_solver_ceres\five_point_solver_ceres\x64\release\eight_point_fundamental_matrix.obj
h:\suvam\codes\five_point_solver_ceres\x64\release\five_point_solver_ceres.exe
h:\suvam\codes\five_point_solver_ceres\x64\release\five_point_solver_ceres.pdb
h:\suvam\codes\five_point_solver_ceres\five_point_solver_ceres\x64\release\five_poi.4f872b62.tlog\cl.command.1.tlog
h:\suvam\codes\five_point_solver_ceres\five_point_solver_ceres\x64\release\five_poi.4f872b62.tlog\cl.read.1.tlog
h:\suvam\codes\five_point_solver_ceres\five_point_solver_ceres\x64\release\five_poi.4f872b62.tlog\cl.write.1.tlog
h:\suvam\codes\five_point_solver_ceres\five_point_solver_ceres\x64\release\five_poi.4f872b62.tlog\link.command.1.tlog
h:\suvam\codes\five_point_solver_ceres\five_point_solver_ceres\x64\release\five_poi.4f872b62.tlog\link.read.1.tlog
h:\suvam\codes\five_point_solver_ceres\five_point_solver_ceres\x64\release\five_poi.4f872b62.tlog\link.write.1.tlog
